[debug] [2024-02-12T16:57:04.993Z] ----------------------------------------------------------------------
[debug] [2024-02-12T16:57:04.995Z] Command:       /usr/local/bin/firebase /home/miguel/.cache/firebase/tools/lib/node_modules/firebase-tools/lib/bin/firebase deploy
[debug] [2024-02-12T16:57:04.995Z] CLI Version:   11.24.0
[debug] [2024-02-12T16:57:04.995Z] Platform:      linux
[debug] [2024-02-12T16:57:04.995Z] Node Version:  v16.16.0
[debug] [2024-02-12T16:57:04.996Z] Time:          Mon Feb 12 2024 17:57:04 GMT+0100 (Central European Standard Time)
[debug] [2024-02-12T16:57:04.996Z] ----------------------------------------------------------------------
[debug] 
[debug] [2024-02-12T16:57:05.055Z] > command requires scopes: ["email","openid","https://www.googleapis.com/auth/cloudplatformprojects.readonly","https://www.googleapis.com/auth/firebase","https://www.googleapis.com/auth/cloud-platform"]
[debug] [2024-02-12T16:57:05.056Z] > authorizing via signed-in user (miguelzamorarey@gmail.com)
[debug] [2024-02-12T16:57:05.056Z] [iam] checking project mzrdeveloper-71d1b for permissions ["firebase.projects.get","firebasehosting.sites.update"]
[debug] [2024-02-12T16:57:05.057Z] > refreshing access token with scopes: []
[debug] [2024-02-12T16:57:05.058Z] >>> [apiv2][query] POST https://www.googleapis.com/oauth2/v3/token [none]
[debug] [2024-02-12T16:57:05.058Z] >>> [apiv2][body] POST https://www.googleapis.com/oauth2/v3/token [omitted]
[debug] [2024-02-12T16:57:05.178Z] <<< [apiv2][status] POST https://www.googleapis.com/oauth2/v3/token 200
[debug] [2024-02-12T16:57:05.178Z] <<< [apiv2][body] POST https://www.googleapis.com/oauth2/v3/token [omitted]
[debug] [2024-02-12T16:57:05.195Z] >>> [apiv2][query] POST https://cloudresourcemanager.googleapis.com/v1/projects/mzrdeveloper-71d1b:testIamPermissions [none]
[debug] [2024-02-12T16:57:05.195Z] >>> [apiv2][(partial)header] POST https://cloudresourcemanager.googleapis.com/v1/projects/mzrdeveloper-71d1b:testIamPermissions x-goog-quota-user=projects/mzrdeveloper-71d1b
[debug] [2024-02-12T16:57:05.196Z] >>> [apiv2][body] POST https://cloudresourcemanager.googleapis.com/v1/projects/mzrdeveloper-71d1b:testIamPermissions {"permissions":["firebase.projects.get","firebasehosting.sites.update"]}
[debug] [2024-02-12T16:57:05.863Z] <<< [apiv2][status] POST https://cloudresourcemanager.googleapis.com/v1/projects/mzrdeveloper-71d1b:testIamPermissions 200
[debug] [2024-02-12T16:57:05.863Z] <<< [apiv2][body] POST https://cloudresourcemanager.googleapis.com/v1/projects/mzrdeveloper-71d1b:testIamPermissions {"permissions":["firebase.projects.get","firebasehosting.sites.update"]}
[debug] [2024-02-12T16:57:05.864Z] >>> [apiv2][query] GET https://firebase.googleapis.com/v1beta1/projects/mzrdeveloper-71d1b [none]
[debug] [2024-02-12T16:57:06.179Z] <<< [apiv2][status] GET https://firebase.googleapis.com/v1beta1/projects/mzrdeveloper-71d1b 200
[debug] [2024-02-12T16:57:06.180Z] <<< [apiv2][body] GET https://firebase.googleapis.com/v1beta1/projects/mzrdeveloper-71d1b {"projectId":"mzrdeveloper-71d1b","projectNumber":"447825245053","displayName":"mzrdeveloper","name":"projects/mzrdeveloper-71d1b","resources":{"hostingSite":"mzrdeveloper-71d1b"},"state":"ACTIVE","etag":"1_73f82896-3e3f-4d7b-9d54-3d5341d095a0"}
[info] 
[info] === Deploying to 'mzrdeveloper-71d1b'...
[info] 
[info] i  deploying hosting 
[debug] [2024-02-12T16:57:06.184Z] >>> [apiv2][query] POST https://firebasehosting.googleapis.com/v1beta1/projects/-/sites/mzrdeveloper-71d1b/versions [none]
[debug] [2024-02-12T16:57:06.184Z] >>> [apiv2][body] POST https://firebasehosting.googleapis.com/v1beta1/projects/-/sites/mzrdeveloper-71d1b/versions {"status":"CREATED","labels":{"deployment-tool":"cli-firebase"}}
